<?xml version="1.0" encoding="UTF-8"?>
<!-- Generated by org.testng.reporters.JUnitXMLReporter -->
<testsuite ignored="0" hostname="DESKTOP-1T8678Q" failures="0" tests="3" name="Default test" time="1.416" errors="0" timestamp="2025-05-29T21:00:23 IST">
  <testcase classname="Extent_Report.ExtentReport_Code" name="doHELLO" time="0.02"/>
  <testcase classname="Extent_Report.ExtentReport_Code" name="doLogin" time="0.003"/>
  <testcase classname="Extent_Report.ExtentReport_Code" name="doLogin1" time="0.003"/>
</testsuite> <!-- Default test -->
