<?xml version="1.0" encoding="UTF-8"?>
<!-- Generated by org.testng.reporters.JUnitXMLReporter -->
<testsuite ignored="0" hostname="DESKTOP-1T8678Q" failures="0" tests="2" name="Test_01" time="22.154" errors="0" timestamp="2025-05-27T00:22:37 IST">
  <testcase classname="TestCases.FlipboardLoginTest" name="@BeforeTest init" time="22.042">
    <failure type="java.lang.RuntimeException" message="CommonUtils.getAndroidDriver = Could not start a new session. Response code 500. Message: An unknown server-side error occurred while processing the command. Original error: Cannot start the &amp;apos;flipboard.app&amp;apos; application. Consider checking the driver&amp;apos;s troubleshooting documentation. Original error: Error executing adbExec. Original error: &amp;apos;Command &amp;apos;C:\\Users\\kaushal\\AppData\\Local\\Android\\Sdk\\platform-tools\\adb.exe -P 5037 -s 192.168.1.155\:43581 shell am start -W -n flipboard.app/flipboard.activities.FirstLaunchCoverActivity -S -a android.intent.action.MAIN -c android.intent.category.LAUNCHER -f 0x10200000&amp;apos; exited with code 255&amp;apos;; Command output: 
Exception occurred while executing &amp;apos;start&amp;apos;:
java.lang.SecurityException: Permission Denial: starting Intent { act=android.intent.action.MAIN cat=[android.intent.category.LAUNCHER] flg=0x10200000 cmp=flipboard.app/flipboard.activities.FirstLaunchCoverActivity } from null (pid=17927, uid=2000) not exported from uid 10364
	at com.android.server.wm.ActivityTaskSupervisor.checkStartAnyActivityPermission(ActivityTaskSupervisor.java:1328)
	at com.android.server.wm.ActivityStarter.executeRequest(ActivityStarter.java:1377)
	at com.android.server.wm.ActivityStarter.execute(ActivityStarter.java:1000)
	at com.android.server.wm.ActivityTaskManagerService.startActivityAndWait(ActivityTaskManagerService.java:2213)
	at com.android.server.am.ActivityManagerService.startActivityAndWait(ActivityManagerService.java:3823)
	at com.android.server.am.ActivityManagerShellCommand.runStartActivity(ActivityManagerShellCommand.java:760)
	at com.android.server.am.ActivityManagerShellCommand.onCommand(ActivityManagerShellCommand.java:248)
	at com.android.modules.utils.BasicShellCommandHandler.exec(BasicShellCommandHandler.java:97)
	at android.os.ShellCommand.exec(ShellCommand.java:38)
	at com.android.server.am.ActivityManagerService.onShellCommand(ActivityManagerService.java:11898)
	at android.os.Binder.shellCommand(Binder.java:1104)
	at android.os.Binder.onTransact(Binder.java:914)
	at android.app.IActivityManager$Stub.onTransact(IActivityManager.java:5720)
	at com.android.server.am.ActivityManagerService.onTransact(ActivityManagerService.java:3195)
	at android.os.Binder.execTransactInternal(Binder.java:1380)
	at android.os.Binder.execTransact(Binder.java:1311)
 
Host info: host: &amp;apos;DESKTOP-1T8678Q&amp;apos;, ip: &amp;apos;192.168.1.151&amp;apos;
Build info: version: &amp;apos;4.33.0&amp;apos;, revision: &amp;apos;2c6aaad03a&amp;apos;
System info: os.name: &amp;apos;Windows 11&amp;apos;, os.arch: &amp;apos;amd64&amp;apos;, os.version: &amp;apos;10.0&amp;apos;, java.version: &amp;apos;23&amp;apos;
Driver info: io.appium.java_client.android.AndroidDriver
Command: [null, newSession {capabilities=[Capabilities {appium:adbExecTimeout: 100000, appium:appActivity: flipboard.activities.FirstL..., appium:appPackage: flipboard.app, appium:autoGrantPermissions: true, appium:automationName: UiAutomator2, appium:deviceName: 192.168.1.155:43581 , appium:noReset: true, appium:platformVersion: 14, appium:uiautomator2ServerLaunchTimeout: 100000, platformName: ANDROID}]}]
Capabilities {appium:adbExecTimeout: 100000, appium:appActivity: flipboard.activities.FirstL..., appium:appPackage: flipboard.app, appium:autoGrantPermissions: true, appium:automationName: UiAutomator2, appium:deviceName: 192.168.1.155:43581 , appium:noReset: true, appium:platformVersion: 14, appium:uiautomator2ServerLaunchTimeout: 100000, platformName: ANDROID}">
      <![CDATA[java.lang.RuntimeException: CommonUtils.getAndroidDriver = Could not start a new session. Response code 500. Message: An unknown server-side error occurred while processing the command. Original error: Cannot start the 'flipboard.app' application. Consider checking the driver's troubleshooting documentation. Original error: Error executing adbExec. Original error: 'Command 'C:\\Users\\kaushal\\AppData\\Local\\Android\\Sdk\\platform-tools\\adb.exe -P 5037 -s 192.168.1.155\:43581 shell am start -W -n flipboard.app/flipboard.activities.FirstLaunchCoverActivity -S -a android.intent.action.MAIN -c android.intent.category.LAUNCHER -f 0x10200000' exited with code 255'; Command output: 
Exception occurred while executing 'start':
java.lang.SecurityException: Permission Denial: starting Intent { act=android.intent.action.MAIN cat=[android.intent.category.LAUNCHER] flg=0x10200000 cmp=flipboard.app/flipboard.activities.FirstLaunchCoverActivity } from null (pid=17927, uid=2000) not exported from uid 10364
at com.android.server.wm.ActivityTaskSupervisor.checkStartAnyActivityPermission(ActivityTaskSupervisor.java:1328)
at com.android.server.wm.ActivityStarter.executeRequest(ActivityStarter.java:1377)
at com.android.server.wm.ActivityStarter.execute(ActivityStarter.java:1000)
at com.android.server.wm.ActivityTaskManagerService.startActivityAndWait(ActivityTaskManagerService.java:2213)
at com.android.server.am.ActivityManagerService.startActivityAndWait(ActivityManagerService.java:3823)
at com.android.server.am.ActivityManagerShellCommand.runStartActivity(ActivityManagerShellCommand.java:760)
at com.android.server.am.ActivityManagerShellCommand.onCommand(ActivityManagerShellCommand.java:248)
at com.android.modules.utils.BasicShellCommandHandler.exec(BasicShellCommandHandler.java:97)
at android.os.ShellCommand.exec(ShellCommand.java:38)
at com.android.server.am.ActivityManagerService.onShellCommand(ActivityManagerService.java:11898)
at android.os.Binder.shellCommand(Binder.java:1104)
at android.os.Binder.onTransact(Binder.java:914)
at android.app.IActivityManager$Stub.onTransact(IActivityManager.java:5720)
at com.android.server.am.ActivityManagerService.onTransact(ActivityManagerService.java:3195)
at android.os.Binder.execTransactInternal(Binder.java:1380)
at android.os.Binder.execTransact(Binder.java:1311)
 
Host info: host: 'DESKTOP-1T8678Q', ip: '192.168.1.151'
Build info: version: '4.33.0', revision: '2c6aaad03a'
System info: os.name: 'Windows 11', os.arch: 'amd64', os.version: '10.0', java.version: '23'
Driver info: io.appium.java_client.android.AndroidDriver
Command: [null, newSession {capabilities=[Capabilities {appium:adbExecTimeout: 100000, appium:appActivity: flipboard.activities.FirstL..., appium:appPackage: flipboard.app, appium:autoGrantPermissions: true, appium:automationName: UiAutomator2, appium:deviceName: 192.168.1.155:43581 , appium:noReset: true, appium:platformVersion: 14, appium:uiautomator2ServerLaunchTimeout: 100000, platformName: ANDROID}]}]
Capabilities {appium:adbExecTimeout: 100000, appium:appActivity: flipboard.activities.FirstL..., appium:appPackage: flipboard.app, appium:autoGrantPermissions: true, appium:automationName: UiAutomator2, appium:deviceName: 192.168.1.155:43581 , appium:noReset: true, appium:platformVersion: 14, appium:uiautomator2ServerLaunchTimeout: 100000, platformName: ANDROID}
at base.TestBase.setUp(TestBase.java:50)
at TestCases.FlipboardLoginTest.init(FlipboardLoginTest.java:19)
... Removed 22 stack frames]]>
    </failure>
  </testcase> <!-- @BeforeTest init -->
  <testcase classname="TestCases.FlipboardLoginTest" name="@AfterTest quitDriver" time="0.0">
    <skipped/>
  </testcase> <!-- @AfterTest quitDriver -->
  <testcase classname="TestCases.FlipboardLoginTest" name="validateGetStartedButton" time="0.0">
    <skipped/>
  </testcase> <!-- validateGetStartedButton -->
  <testcase classname="TestCases.FlipboardLoginTest" name="chooseTopicTest" time="0.0">
    <skipped/>
  </testcase> <!-- chooseTopicTest -->
</testsuite> <!-- Test_01 -->
