<?xml version="1.0" encoding="UTF-8"?>
<!-- Generated by org.testng.reporters.JUnitXMLReporter -->
<testsuite ignored="0" hostname="DESKTOP-1T8678Q" failures="0" tests="3" name="Test" time="26.699" errors="0" timestamp="2025-05-26T18:01:27 IST">
  <testcase classname="TestCases.TitleSectionTest" name="@BeforeTest init" time="0.001">
    <failure type="java.lang.NullPointerException" message="The provided search context cannot be null">
      <![CDATA[java.lang.NullPointerException: The provided search context cannot be null
at com.google.common.base.Preconditions.checkNotNull(Preconditions.java:922)
at io.appium.java_client.pagefactory.AppiumFieldDecorator.requireWebDriverReference(AppiumFieldDecorator.java:129)
at io.appium.java_client.pagefactory.AppiumFieldDecorator.<init>(AppiumFieldDecorator.java:86)
at io.appium.java_client.pagefactory.AppiumFieldDecorator.<init>(AppiumFieldDecorator.java:100)
at Screens.LoginScreen.<init>(LoginScreen.java:20)
at TestCases.TitleSectionTest.init(TitleSectionTest.java:18)
... Removed 22 stack frames]]>
    </failure>
  </testcase> <!-- @BeforeTest init -->
  <testcase classname="TestCases.FlipboardLoginTest" name="@AfterTest quitDriver" time="0.0">
    <skipped/>
  </testcase> <!-- @AfterTest quitDriver -->
  <testcase classname="TestCases.TitleSectionTest" name="@AfterTest quitDriver" time="0.0">
    <skipped/>
  </testcase> <!-- @AfterTest quitDriver -->
  <testcase classname="TestCases.FlipboardLoginTest" name="validateGetStartedButton" time="0.0">
    <skipped/>
  </testcase> <!-- validateGetStartedButton -->
  <testcase classname="TestCases.FlipboardLoginTest" name="chooseTopicTest" time="0.0">
    <skipped/>
  </testcase> <!-- chooseTopicTest -->
  <testcase classname="TestCases.TitleSectionTest" name="validateTitle" time="0.0">
    <skipped/>
  </testcase> <!-- validateTitle -->
</testsuite> <!-- Test -->
