<?xml version="1.0" encoding="UTF-8"?>
<!-- Generated by org.testng.reporters.JUnitXMLReporter -->
<testsuite ignored="0" hostname="DESKTOP-1T8678Q" failures="0" tests="2" name="Test_1" time="62.473" errors="0" timestamp="2025-05-26T17:54:34 IST">
  <testcase classname="TestCases.TitleSectionTest" name="@BeforeTest init" time="0.032">
    <failure type="java.lang.NullPointerException" message="The provided search context cannot be null">
      <![CDATA[java.lang.NullPointerException: The provided search context cannot be null
at com.google.common.base.Preconditions.checkNotNull(Preconditions.java:922)
at io.appium.java_client.pagefactory.AppiumFieldDecorator.requireWebDriverReference(AppiumFieldDecorator.java:129)
at io.appium.java_client.pagefactory.AppiumFieldDecorator.<init>(AppiumFieldDecorator.java:86)
at io.appium.java_client.pagefactory.AppiumFieldDecorator.<init>(AppiumFieldDecorator.java:100)
at Screens.LoginScreen.<init>(LoginScreen.java:20)
at TestCases.TitleSectionTest.init(TitleSectionTest.java:18)
at java.base/java.util.concurrent.FutureTask.run(FutureTask.java:317)
at java.base/java.util.concurrent.ThreadPoolExecutor.runWorker(ThreadPoolExecutor.java:1144)
at java.base/java.util.concurrent.ThreadPoolExecutor$Worker.run(ThreadPoolExecutor.java:642)
at java.base/java.lang.Thread.run(Thread.java:1575)
... Removed 12 stack frames]]>
    </failure>
  </testcase> <!-- @BeforeTest init -->
  <testcase classname="TestCases.TitleSectionTest" name="@AfterTest quitDriver" time="0.0">
    <skipped/>
  </testcase> <!-- @AfterTest quitDriver -->
  <testcase classname="TestCases.FlipboardLoginTest" name="@AfterTest quitDriver" time="5.559">
    <failure type="org.openqa.selenium.NoSuchSessionException" message="Session ID is null. Using WebDriver after calling quit()?
Build info: version: &amp;apos;4.33.0&amp;apos;, revision: &amp;apos;2c6aaad03a&amp;apos;
System info: os.name: &amp;apos;Windows 11&amp;apos;, os.arch: &amp;apos;amd64&amp;apos;, os.version: &amp;apos;10.0&amp;apos;, java.version: &amp;apos;23&amp;apos;
Driver info: io.appium.java_client.android.AndroidDriver
Command: [null, screenshot {}]
Capabilities {appium:adbExecTimeout: 90000, appium:appActivity: flipboard.app/flipboard.act..., appium:appPackage: flipboard.app, appium:autoGrantPermissions: true, appium:automationName: UiAutomator2, appium:databaseEnabled: false, appium:desired: {adbExecTimeout: 90000, appActivity: flipboard.app/flipboard.act..., appPackage: flipboard.app, autoGrantPermissions: true, automationName: UiAutomator2, deviceName: emulator-5554, noReset: true, platformName: ANDROID, platformVersion: 14, uiautomator2ServerLaunchTimeout: 90000}, appium:deviceApiLevel: 34, appium:deviceManufacturer: Google, appium:deviceModel: sdk_gphone64_x86_64, appium:deviceName: emulator-5554, appium:deviceScreenDensity: 420, appium:deviceScreenSize: 1080x2400, appium:deviceUDID: emulator-5554, appium:javascriptEnabled: true, appium:locationContextEnabled: false, appium:networkConnectionEnabled: true, appium:noReset: true, appium:pixelRatio: 2.625, appium:platformVersion: 14, appium:statBarHeight: 128, appium:takesScreenshot: true, appium:uiautomator2ServerLaunchTimeout: 90000, appium:viewportRect: {height: 2272, left: 0, top: 128, width: 1080}, appium:warnings: {}, appium:webStorageEnabled: false, platformName: ANDROID}">
      <![CDATA[org.openqa.selenium.NoSuchSessionException: Session ID is null. Using WebDriver after calling quit()?
Build info: version: '4.33.0', revision: '2c6aaad03a'
System info: os.name: 'Windows 11', os.arch: 'amd64', os.version: '10.0', java.version: '23'
Driver info: io.appium.java_client.android.AndroidDriver
Command: [null, screenshot {}]
Capabilities {appium:adbExecTimeout: 90000, appium:appActivity: flipboard.app/flipboard.act..., appium:appPackage: flipboard.app, appium:autoGrantPermissions: true, appium:automationName: UiAutomator2, appium:databaseEnabled: false, appium:desired: {adbExecTimeout: 90000, appActivity: flipboard.app/flipboard.act..., appPackage: flipboard.app, autoGrantPermissions: true, automationName: UiAutomator2, deviceName: emulator-5554, noReset: true, platformName: ANDROID, platformVersion: 14, uiautomator2ServerLaunchTimeout: 90000}, appium:deviceApiLevel: 34, appium:deviceManufacturer: Google, appium:deviceModel: sdk_gphone64_x86_64, appium:deviceName: emulator-5554, appium:deviceScreenDensity: 420, appium:deviceScreenSize: 1080x2400, appium:deviceUDID: emulator-5554, appium:javascriptEnabled: true, appium:locationContextEnabled: false, appium:networkConnectionEnabled: true, appium:noReset: true, appium:pixelRatio: 2.625, appium:platformVersion: 14, appium:statBarHeight: 128, appium:takesScreenshot: true, appium:uiautomator2ServerLaunchTimeout: 90000, appium:viewportRect: {height: 2272, left: 0, top: 128, width: 1080}, appium:warnings: {}, appium:webStorageEnabled: false, platformName: ANDROID}
at org.openqa.selenium.remote.HttpCommandExecutor.execute(HttpCommandExecutor.java:151)
at io.appium.java_client.remote.AppiumCommandExecutor.execute(AppiumCommandExecutor.java:237)
at org.openqa.selenium.remote.RemoteWebDriver.execute(RemoteWebDriver.java:545)
at org.openqa.selenium.remote.RemoteWebDriver.execute(RemoteWebDriver.java:618)
at io.appium.java_client.AppiumDriver.execute(AppiumDriver.java:310)
at org.openqa.selenium.remote.RemoteWebDriver.getScreenshotAs(RemoteWebDriver.java:334)
at io.appium.java_client.AppiumDriver.getScreenshotAs(AppiumDriver.java:319)
at base.TestBase.takeScreenShots(TestBase.java:80)
at TestCases.FlipboardLoginTest.quitDriver(FlipboardLoginTest.java:49)
at java.base/java.util.concurrent.FutureTask.run(FutureTask.java:317)
at java.base/java.util.concurrent.ThreadPoolExecutor.runWorker(ThreadPoolExecutor.java:1144)
at java.base/java.util.concurrent.ThreadPoolExecutor$Worker.run(ThreadPoolExecutor.java:642)
at java.base/java.lang.Thread.run(Thread.java:1575)
... Removed 12 stack frames]]>
    </failure>
  </testcase> <!-- @AfterTest quitDriver -->
  <testcase classname="TestCases.FlipboardLoginTest" name="validateGetStartedButton" time="2.331"/>
  <testcase classname="TestCases.FlipboardLoginTest" name="chooseTopicTest" time="16.813"/>
</testsuite> <!-- Test_1 -->
